<?xml version="1.0" encoding="UTF-8"?>
<!-- Generated by org.testng.reporters.JUnitXMLReporter -->
<testsuite ignored="1" hostname="DESKTOP-I2NH0NP" failures="0" tests="2" name="Test" time="39.005" errors="0" timestamp="2022-10-18T14:53:53 IST">
  <testcase classname="Com.Test.Test1" name="verifytest1" time="0.993"/>
  <testcase classname="Com.Test.Test2" name="verifytest2" time="0.002"/>
  <testcase classname="Com.Utility.BaseClass" name="@BeforeSuite BS" time="0.0">
    <ignored/>
  </testcase> <!-- @BeforeSuite BS -->
</testsuite> <!-- Test -->
