<?xml version="1.0" encoding="UTF-8"?>
<testng-results ignored="1" total="3" passed="2" failed="0" skipped="0">
  <reporter-output>
  </reporter-output>
  <suite started-at="2022-10-18T14:53:14 IST" name="Suite" finished-at="2022-10-18T14:53:53 IST" duration-ms="39005">
    <groups>
    </groups>
    <test started-at="2022-10-18T14:53:14 IST" name="Test" finished-at="2022-10-18T14:53:53 IST" duration-ms="39005">
      <class name="Com.Test.Test1">
        <test-method is-config="true" signature="BS()[pri:0, instance:Com.Test.Test1@48e1f6c7]" started-at="2022-10-18T14:53:11 IST" name="BS" finished-at="2022-10-18T14:53:14 IST" duration-ms="2591" status="PASS">
          <reporter-output>
          </reporter-output>
        </test-method> <!-- BS -->
        <test-method is-config="true" signature="setup(java.lang.String)[pri:0, instance:Com.Test.Test1@48e1f6c7]" started-at="2022-10-18T14:53:14 IST" name="setup" finished-at="2022-10-18T14:53:42 IST" duration-ms="28453" status="PASS">
          <params>
            <param index="0">
              <value>
                <![CDATA[Chrome]]>
              </value>
            </param>
          </params>
          <reporter-output>
          </reporter-output>
        </test-method> <!-- setup -->
        <test-method signature="verifytest1()[pri:0, instance:Com.Test.Test1@48e1f6c7]" started-at="2022-10-18T14:53:42 IST" name="verifytest1" finished-at="2022-10-18T14:53:43 IST" duration-ms="993" status="PASS">
          <reporter-output>
          </reporter-output>
        </test-method> <!-- verifytest1 -->
        <test-method is-config="true" signature="tearDown()[pri:0, instance:Com.Test.Test1@48e1f6c7]" started-at="2022-10-18T14:53:45 IST" name="tearDown" finished-at="2022-10-18T14:53:46 IST" duration-ms="553" status="PASS">
          <reporter-output>
          </reporter-output>
        </test-method> <!-- tearDown -->
      </class> <!-- Com.Test.Test1 -->
      <class name="Com.Test.Test2">
        <test-method is-config="true" signature="setup(java.lang.String)[pri:0, instance:Com.Test.Test2@431cd9b2]" started-at="2022-10-18T14:53:46 IST" name="setup" finished-at="2022-10-18T14:53:52 IST" duration-ms="6281" status="PASS">
          <params>
            <param index="0">
              <value>
                <![CDATA[Chrome]]>
              </value>
            </param>
          </params>
          <reporter-output>
          </reporter-output>
        </test-method> <!-- setup -->
        <test-method signature="verifytest2()[pri:0, instance:Com.Test.Test2@431cd9b2]" started-at="2022-10-18T14:53:52 IST" name="verifytest2" finished-at="2022-10-18T14:53:52 IST" duration-ms="2" status="PASS">
          <reporter-output>
          </reporter-output>
        </test-method> <!-- verifytest2 -->
        <test-method is-config="true" signature="tearDown()[pri:0, instance:Com.Test.Test2@431cd9b2]" started-at="2022-10-18T14:53:52 IST" name="tearDown" finished-at="2022-10-18T14:53:53 IST" duration-ms="732" status="PASS">
          <reporter-output>
          </reporter-output>
        </test-method> <!-- tearDown -->
      </class> <!-- Com.Test.Test2 -->
    </test> <!-- Test -->
  </suite> <!-- Suite -->
</testng-results>
